make[2]: Entering directory '/home/weihong/carplay-bsp/AutoPlay-BSP/app/dhcp-4.2.5-P1/bind/bind-9.8.4-P2/lib/export'
making all in /home/weihong/carplay-bsp/AutoPlay-BSP/app/dhcp-4.2.5-P1/bind/bind-9.8.4-P2/lib/export/isc
make[3]: Entering directory '/home/weihong/carplay-bsp/AutoPlay-BSP/app/dhcp-4.2.5-P1/bind/bind-9.8.4-P2/lib/export/isc'
making all in /home/weihong/carplay-bsp/AutoPlay-BSP/app/dhcp-4.2.5-P1/bind/bind-9.8.4-P2/lib/export/isc/include
make[4]: Entering directory '/home/weihong/carplay-bsp/AutoPlay-BSP/app/dhcp-4.2.5-P1/bind/bind-9.8.4-P2/lib/export/isc/include'
making all in /home/weihong/carplay-bsp/AutoPlay-BSP/app/dhcp-4.2.5-P1/bind/bind-9.8.4-P2/lib/export/isc/include/isc
make[5]: Entering directory '/home/weihong/carplay-bsp/AutoPlay-BSP/app/dhcp-4.2.5-P1/bind/bind-9.8.4-P2/lib/export/isc/include/isc'
make[5]: Leaving directory '/home/weihong/carplay-bsp/AutoPlay-BSP/app/dhcp-4.2.5-P1/bind/bind-9.8.4-P2/lib/export/isc/include/isc'
make[4]: Leaving directory '/home/weihong/carplay-bsp/AutoPlay-BSP/app/dhcp-4.2.5-P1/bind/bind-9.8.4-P2/lib/export/isc/include'
making all in /home/weihong/carplay-bsp/AutoPlay-BSP/app/dhcp-4.2.5-P1/bind/bind-9.8.4-P2/lib/export/isc/unix
make[4]: Entering directory '/home/weihong/carplay-bsp/AutoPlay-BSP/app/dhcp-4.2.5-P1/bind/bind-9.8.4-P2/lib/export/isc/unix'
making all in /home/weihong/carplay-bsp/AutoPlay-BSP/app/dhcp-4.2.5-P1/bind/bind-9.8.4-P2/lib/export/isc/unix/include
make[5]: Entering directory '/home/weihong/carplay-bsp/AutoPlay-BSP/app/dhcp-4.2.5-P1/bind/bind-9.8.4-P2/lib/export/isc/unix/include'
making all in /home/weihong/carplay-bsp/AutoPlay-BSP/app/dhcp-4.2.5-P1/bind/bind-9.8.4-P2/lib/export/isc/unix/include/isc
make[6]: Entering directory '/home/weihong/carplay-bsp/AutoPlay-BSP/app/dhcp-4.2.5-P1/bind/bind-9.8.4-P2/lib/export/isc/unix/include/isc'
make[6]: Leaving directory '/home/weihong/carplay-bsp/AutoPlay-BSP/app/dhcp-4.2.5-P1/bind/bind-9.8.4-P2/lib/export/isc/unix/include/isc'
make[5]: Leaving directory '/home/weihong/carplay-bsp/AutoPlay-BSP/app/dhcp-4.2.5-P1/bind/bind-9.8.4-P2/lib/export/isc/unix/include'
make[4]: Leaving directory '/home/weihong/carplay-bsp/AutoPlay-BSP/app/dhcp-4.2.5-P1/bind/bind-9.8.4-P2/lib/export/isc/unix'
making all in /home/weihong/carplay-bsp/AutoPlay-BSP/app/dhcp-4.2.5-P1/bind/bind-9.8.4-P2/lib/export/isc/nls
make[4]: Entering directory '/home/weihong/carplay-bsp/AutoPlay-BSP/app/dhcp-4.2.5-P1/bind/bind-9.8.4-P2/lib/export/isc/nls'
make[4]: Leaving directory '/home/weihong/carplay-bsp/AutoPlay-BSP/app/dhcp-4.2.5-P1/bind/bind-9.8.4-P2/lib/export/isc/nls'
making all in /home/weihong/carplay-bsp/AutoPlay-BSP/app/dhcp-4.2.5-P1/bind/bind-9.8.4-P2/lib/export/isc/nothreads
make[4]: Entering directory '/home/weihong/carplay-bsp/AutoPlay-BSP/app/dhcp-4.2.5-P1/bind/bind-9.8.4-P2/lib/export/isc/nothreads'
making all in /home/weihong/carplay-bsp/AutoPlay-BSP/app/dhcp-4.2.5-P1/bind/bind-9.8.4-P2/lib/export/isc/nothreads/include
make[5]: Entering directory '/home/weihong/carplay-bsp/AutoPlay-BSP/app/dhcp-4.2.5-P1/bind/bind-9.8.4-P2/lib/export/isc/nothreads/include'
making all in /home/weihong/carplay-bsp/AutoPlay-BSP/app/dhcp-4.2.5-P1/bind/bind-9.8.4-P2/lib/export/isc/nothreads/include/isc
make[6]: Entering directory '/home/weihong/carplay-bsp/AutoPlay-BSP/app/dhcp-4.2.5-P1/bind/bind-9.8.4-P2/lib/export/isc/nothreads/include/isc'
make[6]: Leaving directory '/home/weihong/carplay-bsp/AutoPlay-BSP/app/dhcp-4.2.5-P1/bind/bind-9.8.4-P2/lib/export/isc/nothreads/include/isc'
make[5]: Leaving directory '/home/weihong/carplay-bsp/AutoPlay-BSP/app/dhcp-4.2.5-P1/bind/bind-9.8.4-P2/lib/export/isc/nothreads/include'
make[4]: Leaving directory '/home/weihong/carplay-bsp/AutoPlay-BSP/app/dhcp-4.2.5-P1/bind/bind-9.8.4-P2/lib/export/isc/nothreads'
make[3]: Leaving directory '/home/weihong/carplay-bsp/AutoPlay-BSP/app/dhcp-4.2.5-P1/bind/bind-9.8.4-P2/lib/export/isc'
making all in /home/weihong/carplay-bsp/AutoPlay-BSP/app/dhcp-4.2.5-P1/bind/bind-9.8.4-P2/lib/export/dns
make[3]: Entering directory '/home/weihong/carplay-bsp/AutoPlay-BSP/app/dhcp-4.2.5-P1/bind/bind-9.8.4-P2/lib/export/dns'
making all in /home/weihong/carplay-bsp/AutoPlay-BSP/app/dhcp-4.2.5-P1/bind/bind-9.8.4-P2/lib/export/dns/include
make[4]: Entering directory '/home/weihong/carplay-bsp/AutoPlay-BSP/app/dhcp-4.2.5-P1/bind/bind-9.8.4-P2/lib/export/dns/include'
making all in /home/weihong/carplay-bsp/AutoPlay-BSP/app/dhcp-4.2.5-P1/bind/bind-9.8.4-P2/lib/export/dns/include/dns
make[5]: Entering directory '/home/weihong/carplay-bsp/AutoPlay-BSP/app/dhcp-4.2.5-P1/bind/bind-9.8.4-P2/lib/export/dns/include/dns'
make[5]: Leaving directory '/home/weihong/carplay-bsp/AutoPlay-BSP/app/dhcp-4.2.5-P1/bind/bind-9.8.4-P2/lib/export/dns/include/dns'
making all in /home/weihong/carplay-bsp/AutoPlay-BSP/app/dhcp-4.2.5-P1/bind/bind-9.8.4-P2/lib/export/dns/include/dst
make[5]: Entering directory '/home/weihong/carplay-bsp/AutoPlay-BSP/app/dhcp-4.2.5-P1/bind/bind-9.8.4-P2/lib/export/dns/include/dst'
make[5]: Leaving directory '/home/weihong/carplay-bsp/AutoPlay-BSP/app/dhcp-4.2.5-P1/bind/bind-9.8.4-P2/lib/export/dns/include/dst'
make[4]: Leaving directory '/home/weihong/carplay-bsp/AutoPlay-BSP/app/dhcp-4.2.5-P1/bind/bind-9.8.4-P2/lib/export/dns/include'
make[3]: Leaving directory '/home/weihong/carplay-bsp/AutoPlay-BSP/app/dhcp-4.2.5-P1/bind/bind-9.8.4-P2/lib/export/dns'
making all in /home/weihong/carplay-bsp/AutoPlay-BSP/app/dhcp-4.2.5-P1/bind/bind-9.8.4-P2/lib/export/isccfg
make[3]: Entering directory '/home/weihong/carplay-bsp/AutoPlay-BSP/app/dhcp-4.2.5-P1/bind/bind-9.8.4-P2/lib/export/isccfg'
making all in /home/weihong/carplay-bsp/AutoPlay-BSP/app/dhcp-4.2.5-P1/bind/bind-9.8.4-P2/lib/export/isccfg/include
make[4]: Entering directory '/home/weihong/carplay-bsp/AutoPlay-BSP/app/dhcp-4.2.5-P1/bind/bind-9.8.4-P2/lib/export/isccfg/include'
making all in /home/weihong/carplay-bsp/AutoPlay-BSP/app/dhcp-4.2.5-P1/bind/bind-9.8.4-P2/lib/export/isccfg/include/isccfg
make[5]: Entering directory '/home/weihong/carplay-bsp/AutoPlay-BSP/app/dhcp-4.2.5-P1/bind/bind-9.8.4-P2/lib/export/isccfg/include/isccfg'
make[5]: Leaving directory '/home/weihong/carplay-bsp/AutoPlay-BSP/app/dhcp-4.2.5-P1/bind/bind-9.8.4-P2/lib/export/isccfg/include/isccfg'
make[4]: Leaving directory '/home/weihong/carplay-bsp/AutoPlay-BSP/app/dhcp-4.2.5-P1/bind/bind-9.8.4-P2/lib/export/isccfg/include'
make[3]: Leaving directory '/home/weihong/carplay-bsp/AutoPlay-BSP/app/dhcp-4.2.5-P1/bind/bind-9.8.4-P2/lib/export/isccfg'
making all in /home/weihong/carplay-bsp/AutoPlay-BSP/app/dhcp-4.2.5-P1/bind/bind-9.8.4-P2/lib/export/irs
make[3]: Entering directory '/home/weihong/carplay-bsp/AutoPlay-BSP/app/dhcp-4.2.5-P1/bind/bind-9.8.4-P2/lib/export/irs'
making all in /home/weihong/carplay-bsp/AutoPlay-BSP/app/dhcp-4.2.5-P1/bind/bind-9.8.4-P2/lib/export/irs/include
make[4]: Entering directory '/home/weihong/carplay-bsp/AutoPlay-BSP/app/dhcp-4.2.5-P1/bind/bind-9.8.4-P2/lib/export/irs/include'
making all in /home/weihong/carplay-bsp/AutoPlay-BSP/app/dhcp-4.2.5-P1/bind/bind-9.8.4-P2/lib/export/irs/include/irs
make[5]: Entering directory '/home/weihong/carplay-bsp/AutoPlay-BSP/app/dhcp-4.2.5-P1/bind/bind-9.8.4-P2/lib/export/irs/include/irs'
make[5]: Leaving directory '/home/weihong/carplay-bsp/AutoPlay-BSP/app/dhcp-4.2.5-P1/bind/bind-9.8.4-P2/lib/export/irs/include/irs'
make[4]: Leaving directory '/home/weihong/carplay-bsp/AutoPlay-BSP/app/dhcp-4.2.5-P1/bind/bind-9.8.4-P2/lib/export/irs/include'
make[3]: Leaving directory '/home/weihong/carplay-bsp/AutoPlay-BSP/app/dhcp-4.2.5-P1/bind/bind-9.8.4-P2/lib/export/irs'
making all in /home/weihong/carplay-bsp/AutoPlay-BSP/app/dhcp-4.2.5-P1/bind/bind-9.8.4-P2/lib/export/samples
make[3]: Entering directory '/home/weihong/carplay-bsp/AutoPlay-BSP/app/dhcp-4.2.5-P1/bind/bind-9.8.4-P2/lib/export/samples'
make[3]: Leaving directory '/home/weihong/carplay-bsp/AutoPlay-BSP/app/dhcp-4.2.5-P1/bind/bind-9.8.4-P2/lib/export/samples'
making install in /home/weihong/carplay-bsp/AutoPlay-BSP/app/dhcp-4.2.5-P1/bind/bind-9.8.4-P2/lib/export/isc
make[3]: Entering directory '/home/weihong/carplay-bsp/AutoPlay-BSP/app/dhcp-4.2.5-P1/bind/bind-9.8.4-P2/lib/export/isc'
making all in /home/weihong/carplay-bsp/AutoPlay-BSP/app/dhcp-4.2.5-P1/bind/bind-9.8.4-P2/lib/export/isc/include
make[4]: Entering directory '/home/weihong/carplay-bsp/AutoPlay-BSP/app/dhcp-4.2.5-P1/bind/bind-9.8.4-P2/lib/export/isc/include'
making all in /home/weihong/carplay-bsp/AutoPlay-BSP/app/dhcp-4.2.5-P1/bind/bind-9.8.4-P2/lib/export/isc/include/isc
make[5]: Entering directory '/home/weihong/carplay-bsp/AutoPlay-BSP/app/dhcp-4.2.5-P1/bind/bind-9.8.4-P2/lib/export/isc/include/isc'
make[5]: Leaving directory '/home/weihong/carplay-bsp/AutoPlay-BSP/app/dhcp-4.2.5-P1/bind/bind-9.8.4-P2/lib/export/isc/include/isc'
make[4]: Leaving directory '/home/weihong/carplay-bsp/AutoPlay-BSP/app/dhcp-4.2.5-P1/bind/bind-9.8.4-P2/lib/export/isc/include'
making all in /home/weihong/carplay-bsp/AutoPlay-BSP/app/dhcp-4.2.5-P1/bind/bind-9.8.4-P2/lib/export/isc/unix
make[4]: Entering directory '/home/weihong/carplay-bsp/AutoPlay-BSP/app/dhcp-4.2.5-P1/bind/bind-9.8.4-P2/lib/export/isc/unix'
making all in /home/weihong/carplay-bsp/AutoPlay-BSP/app/dhcp-4.2.5-P1/bind/bind-9.8.4-P2/lib/export/isc/unix/include
make[5]: Entering directory '/home/weihong/carplay-bsp/AutoPlay-BSP/app/dhcp-4.2.5-P1/bind/bind-9.8.4-P2/lib/export/isc/unix/include'
making all in /home/weihong/carplay-bsp/AutoPlay-BSP/app/dhcp-4.2.5-P1/bind/bind-9.8.4-P2/lib/export/isc/unix/include/isc
make[6]: Entering directory '/home/weihong/carplay-bsp/AutoPlay-BSP/app/dhcp-4.2.5-P1/bind/bind-9.8.4-P2/lib/export/isc/unix/include/isc'
make[6]: Leaving directory '/home/weihong/carplay-bsp/AutoPlay-BSP/app/dhcp-4.2.5-P1/bind/bind-9.8.4-P2/lib/export/isc/unix/include/isc'
make[5]: Leaving directory '/home/weihong/carplay-bsp/AutoPlay-BSP/app/dhcp-4.2.5-P1/bind/bind-9.8.4-P2/lib/export/isc/unix/include'
make[4]: Leaving directory '/home/weihong/carplay-bsp/AutoPlay-BSP/app/dhcp-4.2.5-P1/bind/bind-9.8.4-P2/lib/export/isc/unix'
making all in /home/weihong/carplay-bsp/AutoPlay-BSP/app/dhcp-4.2.5-P1/bind/bind-9.8.4-P2/lib/export/isc/nls
make[4]: Entering directory '/home/weihong/carplay-bsp/AutoPlay-BSP/app/dhcp-4.2.5-P1/bind/bind-9.8.4-P2/lib/export/isc/nls'
make[4]: Leaving directory '/home/weihong/carplay-bsp/AutoPlay-BSP/app/dhcp-4.2.5-P1/bind/bind-9.8.4-P2/lib/export/isc/nls'
making all in /home/weihong/carplay-bsp/AutoPlay-BSP/app/dhcp-4.2.5-P1/bind/bind-9.8.4-P2/lib/export/isc/nothreads
make[4]: Entering directory '/home/weihong/carplay-bsp/AutoPlay-BSP/app/dhcp-4.2.5-P1/bind/bind-9.8.4-P2/lib/export/isc/nothreads'
making all in /home/weihong/carplay-bsp/AutoPlay-BSP/app/dhcp-4.2.5-P1/bind/bind-9.8.4-P2/lib/export/isc/nothreads/include
make[5]: Entering directory '/home/weihong/carplay-bsp/AutoPlay-BSP/app/dhcp-4.2.5-P1/bind/bind-9.8.4-P2/lib/export/isc/nothreads/include'
making all in /home/weihong/carplay-bsp/AutoPlay-BSP/app/dhcp-4.2.5-P1/bind/bind-9.8.4-P2/lib/export/isc/nothreads/include/isc
make[6]: Entering directory '/home/weihong/carplay-bsp/AutoPlay-BSP/app/dhcp-4.2.5-P1/bind/bind-9.8.4-P2/lib/export/isc/nothreads/include/isc'
make[6]: Leaving directory '/home/weihong/carplay-bsp/AutoPlay-BSP/app/dhcp-4.2.5-P1/bind/bind-9.8.4-P2/lib/export/isc/nothreads/include/isc'
make[5]: Leaving directory '/home/weihong/carplay-bsp/AutoPlay-BSP/app/dhcp-4.2.5-P1/bind/bind-9.8.4-P2/lib/export/isc/nothreads/include'
make[4]: Leaving directory '/home/weihong/carplay-bsp/AutoPlay-BSP/app/dhcp-4.2.5-P1/bind/bind-9.8.4-P2/lib/export/isc/nothreads'
making install in /home/weihong/carplay-bsp/AutoPlay-BSP/app/dhcp-4.2.5-P1/bind/bind-9.8.4-P2/lib/export/isc/include
make[4]: Entering directory '/home/weihong/carplay-bsp/AutoPlay-BSP/app/dhcp-4.2.5-P1/bind/bind-9.8.4-P2/lib/export/isc/include'
making all in /home/weihong/carplay-bsp/AutoPlay-BSP/app/dhcp-4.2.5-P1/bind/bind-9.8.4-P2/lib/export/isc/include/isc
make[5]: Entering directory '/home/weihong/carplay-bsp/AutoPlay-BSP/app/dhcp-4.2.5-P1/bind/bind-9.8.4-P2/lib/export/isc/include/isc'
make[5]: Leaving directory '/home/weihong/carplay-bsp/AutoPlay-BSP/app/dhcp-4.2.5-P1/bind/bind-9.8.4-P2/lib/export/isc/include/isc'
making install in /home/weihong/carplay-bsp/AutoPlay-BSP/app/dhcp-4.2.5-P1/bind/bind-9.8.4-P2/lib/export/isc/include/isc
make[5]: Entering directory '/home/weihong/carplay-bsp/AutoPlay-BSP/app/dhcp-4.2.5-P1/bind/bind-9.8.4-P2/lib/export/isc/include/isc'
/bin/bash ../../../../../mkinstalldirs /home/weihong/carplay-bsp/AutoPlay-BSP/app/dhcp-4.2.5-P1/bind/include/isc
for i in app.h assertions.h base64.h bitstring.h boolean.h buffer.h bufferlist.h commandline.h entropy.h error.h event.h eventclass.h file.h formatcheck.h fsaccess.h hash.h heap.h hex.h hmacmd5.h httpd.h interfaceiter.h  iterated_hash.h lang.h lex.h lfsr.h lib.h list.h log.h magic.h md5.h mem.h msgcat.h msgs.h mutexblock.h namespace.h netaddr.h ondestroy.h os.h parseint.h print.h quota.h radix.h random.h ratelimiter.h refcount.h region.h resource.h result.h resultclass.h rwlock.h serial.h sha1.h sha2.h sockaddr.h socket.h stdio.h stdlib.h string.h symtab.h task.h taskpool.h timer.h types.h util.h version.h xml.h; do \
	/usr/bin/install -c -m 644 ../../../../../lib/isc/include/isc/$i \
	/home/weihong/carplay-bsp/AutoPlay-BSP/app/dhcp-4.2.5-P1/bind/include/isc ; \
done
/usr/bin/install -c -m 644 ../../../../../lib/isc/include/isc/platform.h \
/home/weihong/carplay-bsp/AutoPlay-BSP/app/dhcp-4.2.5-P1/bind/include/isc
/usr/bin/install -c -m 644 ../../../../../lib/isc/noatomic/include/isc/atomic.h \
/home/weihong/carplay-bsp/AutoPlay-BSP/app/dhcp-4.2.5-P1/bind/include/isc
/usr/bin/install -c -m 644 ../../../../../lib/export/isc/include/isc/bind9.h \
/home/weihong/carplay-bsp/AutoPlay-BSP/app/dhcp-4.2.5-P1/bind/include/isc
make[5]: Leaving directory '/home/weihong/carplay-bsp/AutoPlay-BSP/app/dhcp-4.2.5-P1/bind/bind-9.8.4-P2/lib/export/isc/include/isc'
make[4]: Leaving directory '/home/weihong/carplay-bsp/AutoPlay-BSP/app/dhcp-4.2.5-P1/bind/bind-9.8.4-P2/lib/export/isc/include'
making install in /home/weihong/carplay-bsp/AutoPlay-BSP/app/dhcp-4.2.5-P1/bind/bind-9.8.4-P2/lib/export/isc/unix
make[4]: Entering directory '/home/weihong/carplay-bsp/AutoPlay-BSP/app/dhcp-4.2.5-P1/bind/bind-9.8.4-P2/lib/export/isc/unix'
making all in /home/weihong/carplay-bsp/AutoPlay-BSP/app/dhcp-4.2.5-P1/bind/bind-9.8.4-P2/lib/export/isc/unix/include
make[5]: Entering directory '/home/weihong/carplay-bsp/AutoPlay-BSP/app/dhcp-4.2.5-P1/bind/bind-9.8.4-P2/lib/export/isc/unix/include'
making all in /home/weihong/carplay-bsp/AutoPlay-BSP/app/dhcp-4.2.5-P1/bind/bind-9.8.4-P2/lib/export/isc/unix/include/isc
make[6]: Entering directory '/home/weihong/carplay-bsp/AutoPlay-BSP/app/dhcp-4.2.5-P1/bind/bind-9.8.4-P2/lib/export/isc/unix/include/isc'
make[6]: Leaving directory '/home/weihong/carplay-bsp/AutoPlay-BSP/app/dhcp-4.2.5-P1/bind/bind-9.8.4-P2/lib/export/isc/unix/include/isc'
make[5]: Leaving directory '/home/weihong/carplay-bsp/AutoPlay-BSP/app/dhcp-4.2.5-P1/bind/bind-9.8.4-P2/lib/export/isc/unix/include'
making install in /home/weihong/carplay-bsp/AutoPlay-BSP/app/dhcp-4.2.5-P1/bind/bind-9.8.4-P2/lib/export/isc/unix/include
make[5]: Entering directory '/home/weihong/carplay-bsp/AutoPlay-BSP/app/dhcp-4.2.5-P1/bind/bind-9.8.4-P2/lib/export/isc/unix/include'
making all in /home/weihong/carplay-bsp/AutoPlay-BSP/app/dhcp-4.2.5-P1/bind/bind-9.8.4-P2/lib/export/isc/unix/include/isc
make[6]: Entering directory '/home/weihong/carplay-bsp/AutoPlay-BSP/app/dhcp-4.2.5-P1/bind/bind-9.8.4-P2/lib/export/isc/unix/include/isc'
make[6]: Leaving directory '/home/weihong/carplay-bsp/AutoPlay-BSP/app/dhcp-4.2.5-P1/bind/bind-9.8.4-P2/lib/export/isc/unix/include/isc'
making install in /home/weihong/carplay-bsp/AutoPlay-BSP/app/dhcp-4.2.5-P1/bind/bind-9.8.4-P2/lib/export/isc/unix/include/isc
make[6]: Entering directory '/home/weihong/carplay-bsp/AutoPlay-BSP/app/dhcp-4.2.5-P1/bind/bind-9.8.4-P2/lib/export/isc/unix/include/isc'
/bin/bash ../../../../../../mkinstalldirs /home/weihong/carplay-bsp/AutoPlay-BSP/app/dhcp-4.2.5-P1/bind/include/isc
for i in dir.h int.h net.h netdb.h offset.h stdtime.h syslog.h time.h; do \
	/usr/bin/install -c -m 644 ../../../../../../lib/isc/unix/include/isc/$i \
	/home/weihong/carplay-bsp/AutoPlay-BSP/app/dhcp-4.2.5-P1/bind/include/isc ; \
done
make[6]: Leaving directory '/home/weihong/carplay-bsp/AutoPlay-BSP/app/dhcp-4.2.5-P1/bind/bind-9.8.4-P2/lib/export/isc/unix/include/isc'
make[5]: Leaving directory '/home/weihong/carplay-bsp/AutoPlay-BSP/app/dhcp-4.2.5-P1/bind/bind-9.8.4-P2/lib/export/isc/unix/include'
make[4]: Leaving directory '/home/weihong/carplay-bsp/AutoPlay-BSP/app/dhcp-4.2.5-P1/bind/bind-9.8.4-P2/lib/export/isc/unix'
making install in /home/weihong/carplay-bsp/AutoPlay-BSP/app/dhcp-4.2.5-P1/bind/bind-9.8.4-P2/lib/export/isc/nls
make[4]: Entering directory '/home/weihong/carplay-bsp/AutoPlay-BSP/app/dhcp-4.2.5-P1/bind/bind-9.8.4-P2/lib/export/isc/nls'
make[4]: Leaving directory '/home/weihong/carplay-bsp/AutoPlay-BSP/app/dhcp-4.2.5-P1/bind/bind-9.8.4-P2/lib/export/isc/nls'
making install in /home/weihong/carplay-bsp/AutoPlay-BSP/app/dhcp-4.2.5-P1/bind/bind-9.8.4-P2/lib/export/isc/nothreads
make[4]: Entering directory '/home/weihong/carplay-bsp/AutoPlay-BSP/app/dhcp-4.2.5-P1/bind/bind-9.8.4-P2/lib/export/isc/nothreads'
making all in /home/weihong/carplay-bsp/AutoPlay-BSP/app/dhcp-4.2.5-P1/bind/bind-9.8.4-P2/lib/export/isc/nothreads/include
make[5]: Entering directory '/home/weihong/carplay-bsp/AutoPlay-BSP/app/dhcp-4.2.5-P1/bind/bind-9.8.4-P2/lib/export/isc/nothreads/include'
making all in /home/weihong/carplay-bsp/AutoPlay-BSP/app/dhcp-4.2.5-P1/bind/bind-9.8.4-P2/lib/export/isc/nothreads/include/isc
make[6]: Entering directory '/home/weihong/carplay-bsp/AutoPlay-BSP/app/dhcp-4.2.5-P1/bind/bind-9.8.4-P2/lib/export/isc/nothreads/include/isc'
make[6]: Leaving directory '/home/weihong/carplay-bsp/AutoPlay-BSP/app/dhcp-4.2.5-P1/bind/bind-9.8.4-P2/lib/export/isc/nothreads/include/isc'
make[5]: Leaving directory '/home/weihong/carplay-bsp/AutoPlay-BSP/app/dhcp-4.2.5-P1/bind/bind-9.8.4-P2/lib/export/isc/nothreads/include'
making install in /home/weihong/carplay-bsp/AutoPlay-BSP/app/dhcp-4.2.5-P1/bind/bind-9.8.4-P2/lib/export/isc/nothreads/include
make[5]: Entering directory '/home/weihong/carplay-bsp/AutoPlay-BSP/app/dhcp-4.2.5-P1/bind/bind-9.8.4-P2/lib/export/isc/nothreads/include'
making all in /home/weihong/carplay-bsp/AutoPlay-BSP/app/dhcp-4.2.5-P1/bind/bind-9.8.4-P2/lib/export/isc/nothreads/include/isc
make[6]: Entering directory '/home/weihong/carplay-bsp/AutoPlay-BSP/app/dhcp-4.2.5-P1/bind/bind-9.8.4-P2/lib/export/isc/nothreads/include/isc'
make[6]: Leaving directory '/home/weihong/carplay-bsp/AutoPlay-BSP/app/dhcp-4.2.5-P1/bind/bind-9.8.4-P2/lib/export/isc/nothreads/include/isc'
making install in /home/weihong/carplay-bsp/AutoPlay-BSP/app/dhcp-4.2.5-P1/bind/bind-9.8.4-P2/lib/export/isc/nothreads/include/isc
make[6]: Entering directory '/home/weihong/carplay-bsp/AutoPlay-BSP/app/dhcp-4.2.5-P1/bind/bind-9.8.4-P2/lib/export/isc/nothreads/include/isc'
/bin/bash ../../../../../../mkinstalldirs /home/weihong/carplay-bsp/AutoPlay-BSP/app/dhcp-4.2.5-P1/bind/include/isc
for i in condition.h mutex.h once.h thread.h; do \
	/usr/bin/install -c -m 644 ../../../../../../lib/isc/nothreads/include/isc/$i \
	/home/weihong/carplay-bsp/AutoPlay-BSP/app/dhcp-4.2.5-P1/bind/include/isc ; \
done
make[6]: Leaving directory '/home/weihong/carplay-bsp/AutoPlay-BSP/app/dhcp-4.2.5-P1/bind/bind-9.8.4-P2/lib/export/isc/nothreads/include/isc'
make[5]: Leaving directory '/home/weihong/carplay-bsp/AutoPlay-BSP/app/dhcp-4.2.5-P1/bind/bind-9.8.4-P2/lib/export/isc/nothreads/include'
make[4]: Leaving directory '/home/weihong/carplay-bsp/AutoPlay-BSP/app/dhcp-4.2.5-P1/bind/bind-9.8.4-P2/lib/export/isc/nothreads'
/bin/bash ../../../mkinstalldirs /home/weihong/carplay-bsp/AutoPlay-BSP/app/dhcp-4.2.5-P1/bind/lib
/usr/bin/install -c -m 644 libisc.a \
/home/weihong/carplay-bsp/AutoPlay-BSP/app/dhcp-4.2.5-P1/bind/lib
make[3]: Leaving directory '/home/weihong/carplay-bsp/AutoPlay-BSP/app/dhcp-4.2.5-P1/bind/bind-9.8.4-P2/lib/export/isc'
making install in /home/weihong/carplay-bsp/AutoPlay-BSP/app/dhcp-4.2.5-P1/bind/bind-9.8.4-P2/lib/export/dns
make[3]: Entering directory '/home/weihong/carplay-bsp/AutoPlay-BSP/app/dhcp-4.2.5-P1/bind/bind-9.8.4-P2/lib/export/dns'
making all in /home/weihong/carplay-bsp/AutoPlay-BSP/app/dhcp-4.2.5-P1/bind/bind-9.8.4-P2/lib/export/dns/include
make[4]: Entering directory '/home/weihong/carplay-bsp/AutoPlay-BSP/app/dhcp-4.2.5-P1/bind/bind-9.8.4-P2/lib/export/dns/include'
making all in /home/weihong/carplay-bsp/AutoPlay-BSP/app/dhcp-4.2.5-P1/bind/bind-9.8.4-P2/lib/export/dns/include/dns
make[5]: Entering directory '/home/weihong/carplay-bsp/AutoPlay-BSP/app/dhcp-4.2.5-P1/bind/bind-9.8.4-P2/lib/export/dns/include/dns'
make[5]: Leaving directory '/home/weihong/carplay-bsp/AutoPlay-BSP/app/dhcp-4.2.5-P1/bind/bind-9.8.4-P2/lib/export/dns/include/dns'
making all in /home/weihong/carplay-bsp/AutoPlay-BSP/app/dhcp-4.2.5-P1/bind/bind-9.8.4-P2/lib/export/dns/include/dst
make[5]: Entering directory '/home/weihong/carplay-bsp/AutoPlay-BSP/app/dhcp-4.2.5-P1/bind/bind-9.8.4-P2/lib/export/dns/include/dst'
make[5]: Leaving directory '/home/weihong/carplay-bsp/AutoPlay-BSP/app/dhcp-4.2.5-P1/bind/bind-9.8.4-P2/lib/export/dns/include/dst'
make[4]: Leaving directory '/home/weihong/carplay-bsp/AutoPlay-BSP/app/dhcp-4.2.5-P1/bind/bind-9.8.4-P2/lib/export/dns/include'
making install in /home/weihong/carplay-bsp/AutoPlay-BSP/app/dhcp-4.2.5-P1/bind/bind-9.8.4-P2/lib/export/dns/include
make[4]: Entering directory '/home/weihong/carplay-bsp/AutoPlay-BSP/app/dhcp-4.2.5-P1/bind/bind-9.8.4-P2/lib/export/dns/include'
making all in /home/weihong/carplay-bsp/AutoPlay-BSP/app/dhcp-4.2.5-P1/bind/bind-9.8.4-P2/lib/export/dns/include/dns
make[5]: Entering directory '/home/weihong/carplay-bsp/AutoPlay-BSP/app/dhcp-4.2.5-P1/bind/bind-9.8.4-P2/lib/export/dns/include/dns'
make[5]: Leaving directory '/home/weihong/carplay-bsp/AutoPlay-BSP/app/dhcp-4.2.5-P1/bind/bind-9.8.4-P2/lib/export/dns/include/dns'
making all in /home/weihong/carplay-bsp/AutoPlay-BSP/app/dhcp-4.2.5-P1/bind/bind-9.8.4-P2/lib/export/dns/include/dst
make[5]: Entering directory '/home/weihong/carplay-bsp/AutoPlay-BSP/app/dhcp-4.2.5-P1/bind/bind-9.8.4-P2/lib/export/dns/include/dst'
make[5]: Leaving directory '/home/weihong/carplay-bsp/AutoPlay-BSP/app/dhcp-4.2.5-P1/bind/bind-9.8.4-P2/lib/export/dns/include/dst'
making install in /home/weihong/carplay-bsp/AutoPlay-BSP/app/dhcp-4.2.5-P1/bind/bind-9.8.4-P2/lib/export/dns/include/dns
make[5]: Entering directory '/home/weihong/carplay-bsp/AutoPlay-BSP/app/dhcp-4.2.5-P1/bind/bind-9.8.4-P2/lib/export/dns/include/dns'
/bin/bash ../../../../../mkinstalldirs /home/weihong/carplay-bsp/AutoPlay-BSP/app/dhcp-4.2.5-P1/bind/include/dns
for i in acl.h adb.h byaddr.h cache.h callbacks.h cert.h client.h compress.h db.h dbiterator.h diff.h dispatch.h dlz.h dnssec.h ds.h events.h fixedname.h ecdb.h forward.h iptable.h keytable.h keyvalues.h lib.h log.h master.h masterdump.h message.h name.h ncache.h nsec.h nsec3.h peer.h portlist.h rbt.h rcode.h rdata.h rdataclass.h rdatalist.h rdataset.h rdatasetiter.h rdataslab.h rdatatype.h request.h resolver.h result.h secalg.h secproto.h soa.h stats.h tcpmsg.h time.h tsec.h tsig.h ttl.h types.h validator.h version.h view.h; do \
	/usr/bin/install -c -m 644 ../../../../../lib/dns/include/dns/$i \
	/home/weihong/carplay-bsp/AutoPlay-BSP/app/dhcp-4.2.5-P1/bind/include/dns ; \
done
for i in enumclass.h enumtype.h rdatastruct.h; do \
	/usr/bin/install -c -m 644 $i /home/weihong/carplay-bsp/AutoPlay-BSP/app/dhcp-4.2.5-P1/bind/include/dns ; \
done
make[5]: Leaving directory '/home/weihong/carplay-bsp/AutoPlay-BSP/app/dhcp-4.2.5-P1/bind/bind-9.8.4-P2/lib/export/dns/include/dns'
making install in /home/weihong/carplay-bsp/AutoPlay-BSP/app/dhcp-4.2.5-P1/bind/bind-9.8.4-P2/lib/export/dns/include/dst
make[5]: Entering directory '/home/weihong/carplay-bsp/AutoPlay-BSP/app/dhcp-4.2.5-P1/bind/bind-9.8.4-P2/lib/export/dns/include/dst'
/bin/bash ../../../../../mkinstalldirs /home/weihong/carplay-bsp/AutoPlay-BSP/app/dhcp-4.2.5-P1/bind/include/dst
for i in dst.h gssapi.h lib.h result.h; do \
	/usr/bin/install -c -m 644 ../../../../../lib/dns/include/dst/$i \
	/home/weihong/carplay-bsp/AutoPlay-BSP/app/dhcp-4.2.5-P1/bind/include/dst ; \
done
make[5]: Leaving directory '/home/weihong/carplay-bsp/AutoPlay-BSP/app/dhcp-4.2.5-P1/bind/bind-9.8.4-P2/lib/export/dns/include/dst'
make[4]: Leaving directory '/home/weihong/carplay-bsp/AutoPlay-BSP/app/dhcp-4.2.5-P1/bind/bind-9.8.4-P2/lib/export/dns/include'
/bin/bash ../../../mkinstalldirs /home/weihong/carplay-bsp/AutoPlay-BSP/app/dhcp-4.2.5-P1/bind/lib
/usr/bin/install -c -m 644 libdns.a \
/home/weihong/carplay-bsp/AutoPlay-BSP/app/dhcp-4.2.5-P1/bind/lib/
make[3]: Leaving directory '/home/weihong/carplay-bsp/AutoPlay-BSP/app/dhcp-4.2.5-P1/bind/bind-9.8.4-P2/lib/export/dns'
making install in /home/weihong/carplay-bsp/AutoPlay-BSP/app/dhcp-4.2.5-P1/bind/bind-9.8.4-P2/lib/export/isccfg
make[3]: Entering directory '/home/weihong/carplay-bsp/AutoPlay-BSP/app/dhcp-4.2.5-P1/bind/bind-9.8.4-P2/lib/export/isccfg'
making all in /home/weihong/carplay-bsp/AutoPlay-BSP/app/dhcp-4.2.5-P1/bind/bind-9.8.4-P2/lib/export/isccfg/include
make[4]: Entering directory '/home/weihong/carplay-bsp/AutoPlay-BSP/app/dhcp-4.2.5-P1/bind/bind-9.8.4-P2/lib/export/isccfg/include'
making all in /home/weihong/carplay-bsp/AutoPlay-BSP/app/dhcp-4.2.5-P1/bind/bind-9.8.4-P2/lib/export/isccfg/include/isccfg
make[5]: Entering directory '/home/weihong/carplay-bsp/AutoPlay-BSP/app/dhcp-4.2.5-P1/bind/bind-9.8.4-P2/lib/export/isccfg/include/isccfg'
make[5]: Leaving directory '/home/weihong/carplay-bsp/AutoPlay-BSP/app/dhcp-4.2.5-P1/bind/bind-9.8.4-P2/lib/export/isccfg/include/isccfg'
make[4]: Leaving directory '/home/weihong/carplay-bsp/AutoPlay-BSP/app/dhcp-4.2.5-P1/bind/bind-9.8.4-P2/lib/export/isccfg/include'
making install in /home/weihong/carplay-bsp/AutoPlay-BSP/app/dhcp-4.2.5-P1/bind/bind-9.8.4-P2/lib/export/isccfg/include
make[4]: Entering directory '/home/weihong/carplay-bsp/AutoPlay-BSP/app/dhcp-4.2.5-P1/bind/bind-9.8.4-P2/lib/export/isccfg/include'
making all in /home/weihong/carplay-bsp/AutoPlay-BSP/app/dhcp-4.2.5-P1/bind/bind-9.8.4-P2/lib/export/isccfg/include/isccfg
make[5]: Entering directory '/home/weihong/carplay-bsp/AutoPlay-BSP/app/dhcp-4.2.5-P1/bind/bind-9.8.4-P2/lib/export/isccfg/include/isccfg'
make[5]: Leaving directory '/home/weihong/carplay-bsp/AutoPlay-BSP/app/dhcp-4.2.5-P1/bind/bind-9.8.4-P2/lib/export/isccfg/include/isccfg'
making install in /home/weihong/carplay-bsp/AutoPlay-BSP/app/dhcp-4.2.5-P1/bind/bind-9.8.4-P2/lib/export/isccfg/include/isccfg
make[5]: Entering directory '/home/weihong/carplay-bsp/AutoPlay-BSP/app/dhcp-4.2.5-P1/bind/bind-9.8.4-P2/lib/export/isccfg/include/isccfg'
/bin/bash ../../../../../mkinstalldirs \
/home/weihong/carplay-bsp/AutoPlay-BSP/app/dhcp-4.2.5-P1/bind/include/isccfg
for i in cfg.h grammar.h log.h dnsconf.h version.h; do \
	/usr/bin/install -c -m 644 ../../../../../lib/isccfg/include/isccfg/$i \
	/home/weihong/carplay-bsp/AutoPlay-BSP/app/dhcp-4.2.5-P1/bind/include/isccfg ; \
done
make[5]: Leaving directory '/home/weihong/carplay-bsp/AutoPlay-BSP/app/dhcp-4.2.5-P1/bind/bind-9.8.4-P2/lib/export/isccfg/include/isccfg'
make[4]: Leaving directory '/home/weihong/carplay-bsp/AutoPlay-BSP/app/dhcp-4.2.5-P1/bind/bind-9.8.4-P2/lib/export/isccfg/include'
/bin/bash ../../../mkinstalldirs /home/weihong/carplay-bsp/AutoPlay-BSP/app/dhcp-4.2.5-P1/bind/lib
/usr/bin/install -c -m 644 libisccfg.a \
/home/weihong/carplay-bsp/AutoPlay-BSP/app/dhcp-4.2.5-P1/bind/lib/
make[3]: Leaving directory '/home/weihong/carplay-bsp/AutoPlay-BSP/app/dhcp-4.2.5-P1/bind/bind-9.8.4-P2/lib/export/isccfg'
making install in /home/weihong/carplay-bsp/AutoPlay-BSP/app/dhcp-4.2.5-P1/bind/bind-9.8.4-P2/lib/export/irs
make[3]: Entering directory '/home/weihong/carplay-bsp/AutoPlay-BSP/app/dhcp-4.2.5-P1/bind/bind-9.8.4-P2/lib/export/irs'
making all in /home/weihong/carplay-bsp/AutoPlay-BSP/app/dhcp-4.2.5-P1/bind/bind-9.8.4-P2/lib/export/irs/include
make[4]: Entering directory '/home/weihong/carplay-bsp/AutoPlay-BSP/app/dhcp-4.2.5-P1/bind/bind-9.8.4-P2/lib/export/irs/include'
making all in /home/weihong/carplay-bsp/AutoPlay-BSP/app/dhcp-4.2.5-P1/bind/bind-9.8.4-P2/lib/export/irs/include/irs
make[5]: Entering directory '/home/weihong/carplay-bsp/AutoPlay-BSP/app/dhcp-4.2.5-P1/bind/bind-9.8.4-P2/lib/export/irs/include/irs'
make[5]: Leaving directory '/home/weihong/carplay-bsp/AutoPlay-BSP/app/dhcp-4.2.5-P1/bind/bind-9.8.4-P2/lib/export/irs/include/irs'
make[4]: Leaving directory '/home/weihong/carplay-bsp/AutoPlay-BSP/app/dhcp-4.2.5-P1/bind/bind-9.8.4-P2/lib/export/irs/include'
making install in /home/weihong/carplay-bsp/AutoPlay-BSP/app/dhcp-4.2.5-P1/bind/bind-9.8.4-P2/lib/export/irs/include
make[4]: Entering directory '/home/weihong/carplay-bsp/AutoPlay-BSP/app/dhcp-4.2.5-P1/bind/bind-9.8.4-P2/lib/export/irs/include'
making all in /home/weihong/carplay-bsp/AutoPlay-BSP/app/dhcp-4.2.5-P1/bind/bind-9.8.4-P2/lib/export/irs/include/irs
make[5]: Entering directory '/home/weihong/carplay-bsp/AutoPlay-BSP/app/dhcp-4.2.5-P1/bind/bind-9.8.4-P2/lib/export/irs/include/irs'
make[5]: Leaving directory '/home/weihong/carplay-bsp/AutoPlay-BSP/app/dhcp-4.2.5-P1/bind/bind-9.8.4-P2/lib/export/irs/include/irs'
making install in /home/weihong/carplay-bsp/AutoPlay-BSP/app/dhcp-4.2.5-P1/bind/bind-9.8.4-P2/lib/export/irs/include/irs
make[5]: Entering directory '/home/weihong/carplay-bsp/AutoPlay-BSP/app/dhcp-4.2.5-P1/bind/bind-9.8.4-P2/lib/export/irs/include/irs'
/bin/bash ../../../../../mkinstalldirs /home/weihong/carplay-bsp/AutoPlay-BSP/app/dhcp-4.2.5-P1/bind/include/irs
for i in context.h dnsconf.h resconf.h types.h version.h; do \
	/usr/bin/install -c -m 644 ../../../../../lib/irs/include/irs/$i \
	/home/weihong/carplay-bsp/AutoPlay-BSP/app/dhcp-4.2.5-P1/bind/include/irs ; \
done
/usr/bin/install -c -m 644 ../../../../../lib/irs/include/irs/netdb.h \
/home/weihong/carplay-bsp/AutoPlay-BSP/app/dhcp-4.2.5-P1/bind/include/irs
/usr/bin/install -c -m 644 ../../../../../lib/irs/include/irs/platform.h \
/home/weihong/carplay-bsp/AutoPlay-BSP/app/dhcp-4.2.5-P1/bind/include/irs
make[5]: Leaving directory '/home/weihong/carplay-bsp/AutoPlay-BSP/app/dhcp-4.2.5-P1/bind/bind-9.8.4-P2/lib/export/irs/include/irs'
make[4]: Leaving directory '/home/weihong/carplay-bsp/AutoPlay-BSP/app/dhcp-4.2.5-P1/bind/bind-9.8.4-P2/lib/export/irs/include'
/bin/bash ../../../mkinstalldirs /home/weihong/carplay-bsp/AutoPlay-BSP/app/dhcp-4.2.5-P1/bind/lib
/usr/bin/install -c -m 644 libirs.a \
/home/weihong/carplay-bsp/AutoPlay-BSP/app/dhcp-4.2.5-P1/bind/lib/
make[3]: Leaving directory '/home/weihong/carplay-bsp/AutoPlay-BSP/app/dhcp-4.2.5-P1/bind/bind-9.8.4-P2/lib/export/irs'
making install in /home/weihong/carplay-bsp/AutoPlay-BSP/app/dhcp-4.2.5-P1/bind/bind-9.8.4-P2/lib/export/samples
make[3]: Entering directory '/home/weihong/carplay-bsp/AutoPlay-BSP/app/dhcp-4.2.5-P1/bind/bind-9.8.4-P2/lib/export/samples'
make[3]: Leaving directory '/home/weihong/carplay-bsp/AutoPlay-BSP/app/dhcp-4.2.5-P1/bind/bind-9.8.4-P2/lib/export/samples'
make[2]: Leaving directory '/home/weihong/carplay-bsp/AutoPlay-BSP/app/dhcp-4.2.5-P1/bind/bind-9.8.4-P2/lib/export'
