>>>>ff5a01604075a701e9404001561d01002400005043524e3320322d44494e20496e666f7461696e6d656e742053797374656d00001300015043524e332d322d44494e2d455500002e0002466175726563696120436f6167656e7420456c656374726f6e6963732053265420436f2e2c4c74642e00001d000332303338333933393462346534333038303031653030323200000a0004312e302e3000000a0005312e302e3000000c0006aa06ae00ae02ae03000e00074e094e0a4e0b4e0cae0100050008020006000900000007000c656e000007000d656e000007000d6465000007000d6672000007000d6974000007000d6573000007000d72750000230010000600000003000c0001555342486f7374000004000200050003010004000400410014000600000002001300015043524e332d322d44494e2d455500002400065043524e3320322d44494e20496e666f7461696e6d656e742053797374656d0018
iap2 link package : lenth=352  type: ACK 
      control session: IdentificationInformation 
       parameter:len=0036 ,idMSB=0x00 ,idLSB=0x00 data[5043524e3320322d44494e20496e666f7461696e6d656e742053797374656d00] 
       parameter:len=0019 ,idMSB=0x00 ,idLSB=0x01 data[5043524e332d322d44494e2d455500] 
       parameter:len=0046 ,idMSB=0x00 ,idLSB=0x02 data[466175726563696120436f6167656e7420456c656374726f6e6963732053265420436f2e2c4c74642e00] 
       parameter:len=0029 ,idMSB=0x00 ,idLSB=0x03 data[32303338333933393462346534333038303031653030323200] 
       parameter:len=0010 ,idMSB=0x00 ,idLSB=0x04 data[312e302e3000] 
       parameter:len=0010 ,idMSB=0x00 ,idLSB=0x05 data[312e302e3000] 
       parameter:len=0012 ,idMSB=0x00 ,idLSB=0x06 data[aa06ae00ae02ae03] 
       parameter:len=0014 ,idMSB=0x00 ,idLSB=0x07 data[4e094e0a4e0b4e0cae01] 
       parameter:len=0005 ,idMSB=0x00 ,idLSB=0x08 data[02] 
       parameter:len=0006 ,idMSB=0x00 ,idLSB=0x09 data[0000] 
       parameter:len=0007 ,idMSB=0x00 ,idLSB=0x0c data[current Language:en 
] 
       parameter:len=0007 ,idMSB=0x00 ,idLSB=0x0d data[supported Language:en 
] 
       parameter:len=0007 ,idMSB=0x00 ,idLSB=0x0d data[supported Language:de 
] 
       parameter:len=0007 ,idMSB=0x00 ,idLSB=0x0d data[supported Language:fr 
] 
       parameter:len=0007 ,idMSB=0x00 ,idLSB=0x0d data[supported Language:it 
] 
       parameter:len=0007 ,idMSB=0x00 ,idLSB=0x0d data[supported Language:es 
] 
       parameter:len=0007 ,idMSB=0x00 ,idLSB=0x0d data[supported Language:ru 
] 
       parameter:len=0035 ,idMSB=0x00 ,idLSB=0x10 data[000600000003000c0001555342486f73740000040002000500030100040004] 
       parameter:len=0065 ,idMSB=0x00 ,idLSB=0x14 data[000600000002001300015043524e332d322d44494e2d455500002400065043524e3320322d44494e20496e666f7461696e6d656e742053797374656d00] 
